<?xml version="1.0" ?>
<testsuite errors="0" failures="0" name="tests.integration_tests.GBDXToolsTests-20160327101834" tests="2" time="1.335">
	<testcase classname="tests.integration_tests.GBDXToolsTests" name="test_get_s3tmp_cred" time="1.333"/>
	<testcase classname="tests.integration_tests.GBDXToolsTests" name="test_instantiate_interface" time="0.002"/>
	<system-out>
<![CDATA[Obtained S3 Credentials
]]>	</system-out>
	<system-err>
<![CDATA[]]>	</system-err>
</testsuite>
